[seed=1] started
--------------------------------------------
Case   : drift
Method : scheduling
Seed   : 1
Device : auto
Log dir: logs/drift/scheduling_T01_randT_scale10_mix334
Updates: 1000000
Colloc.: (1000, 100, 100)
PINN sample mode: replay
PINN replay fraction: 1.0
PINN replay jitter: 0.0
Learner GPUs: 0.16
HJB Lap.: loop
Reset scale: 1.0
Reset mode: mixture
Reset T mode: random
Reset mixture probs: 0.3,0.3,0.4
Reset T range: [0.0, 5.0]
Drift dt: 0.1
Replay memory size: 100000
Critic LR: 0.0001
Actor LR: 0.0001
Exploration noise: 0.2
Policy update freq: 10
Initial exploration num: 10000
Initial exploration: policy
Schedule: center=500000, sharpness=1e-05, final=(1.0, 0.1, 0.1)
Schedule time base: local
Log tag: sched_dt01_randT_scale10_mix334_hjb01_bdr01_replay1_from_mix334s3_2m
--------------------------------------------
WARNING: All log messages before absl::InitializeLog() is called are written to STDERR
E0000 00:00:1781829510.712436 2047762 instrument.cc:563] Metric with name 'grpc.resource_quota.calls_dropped' registered more than once. Ignoring later registration.
E0000 00:00:1781829510.712483 2047762 instrument.cc:563] Metric with name 'grpc.resource_quota.calls_rejected' registered more than once. Ignoring later registration.
E0000 00:00:1781829510.712488 2047762 instrument.cc:563] Metric with name 'grpc.resource_quota.connections_dropped' registered more than once. Ignoring later registration.
E0000 00:00:1781829510.712492 2047762 instrument.cc:563] Metric with name 'grpc.resource_quota.instantaneous_memory_pressure' registered more than once. Ignoring later registration.
E0000 00:00:1781829510.712496 2047762 instrument.cc:563] Metric with name 'grpc.resource_quota.memory_pressure_control_value' registered more than once. Ignoring later registration.
2026-06-19 09:38:36,804	INFO worker.py:2013 -- Started a local Ray instance.
/home/user/anaconda3/envs/pirl/lib/python3.13/site-packages/ray/_private/worker.py:2052: FutureWarning: Tip: In future versions of Ray, Ray will no longer override accelerator visible devices env var if num_gpus=0 or num_gpus=None (default). To enable this behavior and turn off this error message, set RAY_ACCEL_ENV_VAR_OVERRIDE_ON_ZERO=0
  warnings.warn(
[36m(pid=gcs_server)[0m [2026-06-19 09:39:06,193 E 2048158 2048158] (gcs_server) gcs_server.cc:961: Failed to establish connection to the event+metrics exporter agent. Events and metrics will not be exported. Exporter agent status: RpcError: Running out of retries to initialize the metrics agent. rpc_code: 14
[33m(raylet)[0m [2026-06-19 09:39:08,554 E 2049668 2049668] (raylet) main.cc:1047: Failed to establish connection to the metrics exporter agent. Metrics will not be exported. Exporter agent status: RpcError: Running out of retries to initialize the metrics agent. rpc_code: 14
[36m(RolloutWorker pid=2057908)[0m [2026-06-19 09:39:09,579 E 2057908 2075462] core_worker_process.cc:863: Failed to establish connection to the metrics exporter agent. Metrics will not be exported. Exporter agent status: RpcError: Running out of retries to initialize the metrics agent. rpc_code: 14
[2026-06-19 09:39:10,520 E 2047762 2057728] core_worker_process.cc:863: Failed to establish connection to the metrics exporter agent. Metrics will not be exported. Exporter agent status: RpcError: Running out of retries to initialize the metrics agent. rpc_code: 14
*** SIGTERM received at time=1781853613 on cpu 53 ***
PC: @      0x7fe0ae91117  (unknown)  (unknown)
    @      0x7fcf63dd72d         64  absl::lts_20240722::AbslFailureSignalHandler()
    @      0x7fe0ae42520  1800668408  (unknown)
    @ ... and at least 1 more frames
[2026-06-19 16:20:13,240 E 2047762 2047762] logging.cc:474: *** SIGTERM received at time=1781853613 on cpu 53 ***
[2026-06-19 16:20:13,240 E 2047762 2047762] logging.cc:474: PC: @      0x7fe0ae91117  (unknown)  (unknown)
[2026-06-19 16:20:13,242 E 2047762 2047762] logging.cc:474:     @      0x7fcf63dd759         64  absl::lts_20240722::AbslFailureSignalHandler()
[2026-06-19 16:20:13,242 E 2047762 2047762] logging.cc:474:     @      0x7fe0ae42520  1800668408  (unknown)
[2026-06-19 16:20:13,248 E 2047762 2047762] logging.cc:474:     @                0x1  (unknown)  (unknown)
[36m(pid=2069229)[0m [2026-06-19 09:39:10,508 E 2069229 2092467] core_worker_process.cc:863: Failed to establish connection to the metrics exporter agent. Metrics will not be exported. Exporter agent status: RpcError: Running out of retries to initialize the metrics agent. rpc_code: 14[32m [repeated 127x across cluster] (Ray deduplicates logs by default. Set RAY_DEDUP_LOGS=0 to disable log deduplication, or see https://docs.ray.io/en/master/ray-observability/user-guides/configure-logging.html#log-deduplication for more options.)[0m
WARNING: All log messages before absl::InitializeLog() is called are written to STDERR
I0000 00:00:1781853614.277849 2048950 chttp2_transport.cc:1182] ipv4:172.26.21.50:35835: Got goaway [2] err=UNAVAILABLE:GOAWAY received; Error code: 2; Debug Text: Cancelling all calls {grpc_status:14, http2_error:2, created_time:"2026-06-19T16:20:14.277845513+09:00"}
Closing ray instance
