[seed=2] started
--------------------------------------------
Case   : drift
Method : scheduling
Seed   : 2
Device : auto
Log dir: logs/drift/scheduling_T01
Updates: 2000000
Colloc.: (1000, 100, 100)
Learner GPUs: 0.5
HJB Lap.: loop
Reset scale: 1.0
Reset mode: mixture
Reset T mode: random
Reset T min: 0.0
Reset mixture probs: 0.3,0.3,0.4
Drift dt: 0.1
Replay memory size: 100000
Exploration noise: 0.2
Policy update freq: 10
Initial exploration num: 10000
Initial exploration: random
Schedule: center=1000000, sharpness=5e-06, final=(1.0, 0.05, 0.05)
Schedule time base: local
Log tag: 0618_from_td3_T01_mix334_5M_randT_hjb005_bdr005_5Mto7M
--------------------------------------------
WARNING: All log messages before absl::InitializeLog() is called are written to STDERR
E0000 00:00:1781771375.342531 2166799 instrument.cc:563] Metric with name 'grpc.resource_quota.calls_dropped' registered more than once. Ignoring later registration.
E0000 00:00:1781771375.342559 2166799 instrument.cc:563] Metric with name 'grpc.resource_quota.calls_rejected' registered more than once. Ignoring later registration.
E0000 00:00:1781771375.342561 2166799 instrument.cc:563] Metric with name 'grpc.resource_quota.connections_dropped' registered more than once. Ignoring later registration.
E0000 00:00:1781771375.342563 2166799 instrument.cc:563] Metric with name 'grpc.resource_quota.instantaneous_memory_pressure' registered more than once. Ignoring later registration.
E0000 00:00:1781771375.342564 2166799 instrument.cc:563] Metric with name 'grpc.resource_quota.memory_pressure_control_value' registered more than once. Ignoring later registration.
2026-06-18 17:29:40,185	INFO worker.py:2013 -- Started a local Ray instance.
/home/ubuntu-root/anaconda3/envs/pirl/lib/python3.13/site-packages/ray/_private/worker.py:2052: FutureWarning: Tip: In future versions of Ray, Ray will no longer override accelerator visible devices env var if num_gpus=0 or num_gpus=None (default). To enable this behavior and turn off this error message, set RAY_ACCEL_ENV_VAR_OVERRIDE_ON_ZERO=0
  warnings.warn(
[33m(raylet)[0m [2026-06-18 17:30:10,063 E 2167052 2167052] (raylet) main.cc:1047: Failed to establish connection to the metrics exporter agent. Metrics will not be exported. Exporter agent status: RpcError: Running out of retries to initialize the metrics agent. rpc_code: 14
[36m(pid=gcs_server)[0m [2026-06-18 17:30:10,063 E 2166819 2166819] (gcs_server) gcs_server.cc:961: Failed to establish connection to the event+metrics exporter agent. Events and metrics will not be exported. Exporter agent status: RpcError: Running out of retries to initialize the metrics agent. rpc_code: 14
[36m(Learner pid=2168447)[0m [2026-06-18 17:30:10,629 E 2168447 2168667] core_worker_process.cc:863: Failed to establish connection to the metrics exporter agent. Metrics will not be exported. Exporter agent status: RpcError: Running out of retries to initialize the metrics agent. rpc_code: 14
[2026-06-18 17:30:10,749 E 2166799 2168441] core_worker_process.cc:863: Failed to establish connection to the metrics exporter agent. Metrics will not be exported. Exporter agent status: RpcError: Running out of retries to initialize the metrics agent. rpc_code: 14
[36m(pid=2168461)[0m [2026-06-18 17:30:10,701 E 2168461 2169324] core_worker_process.cc:863: Failed to establish connection to the metrics exporter agent. Metrics will not be exported. Exporter agent status: RpcError: Running out of retries to initialize the metrics agent. rpc_code: 14[32m [repeated 19x across cluster] (Ray deduplicates logs by default. Set RAY_DEDUP_LOGS=0 to disable log deduplication, or see https://docs.ray.io/en/master/ray-observability/user-guides/configure-logging.html#log-deduplication for more options.)[0m
WARNING: All log messages before absl::InitializeLog() is called are written to STDERR
I0000 00:00:1781842137.301004 2166928 chttp2_transport.cc:1182] ipv4:172.26.21.114:45861: Got goaway [2] err=UNAVAILABLE:GOAWAY received; Error code: 2; Debug Text: Cancelling all calls {created_time:"2026-06-19T13:08:57.301001468+09:00", http2_error:2, grpc_status:14}
Closing ray instance
[seed=2] finished
