[seed=2] started
--------------------------------------------
Case   : drift
Method : scheduling
Seed   : 2
Device : auto
Log dir: logs/drift/scheduling_randT_replayHJB
Updates: 2000000
Colloc.: (1000, 100, 100)
PINN sample mode: replay
PINN replay fraction: 1.0
PINN replay jitter: 0.0
Learner GPUs: 0.16
HJB Lap.: loop
Reset scale: 1.0
Reset mode: mixture
Reset T mode: random
Reset mixture probs: 0.3,0.3,0.4
Reset T range: [0.0, 5.0]
Drift dt: 0.1
Replay memory size: 100000
Critic LR: 0.0001
Actor LR: 0.0001
Exploration noise: 0.2
Policy update freq: 10
Initial exploration num: 10000
Initial exploration: policy
Schedule: center=0, sharpness=1e-05, final=(1.0, 0.01, 0.01)
Schedule time base: local
Log tag: const001_5Mto7M
--------------------------------------------
WARNING: All log messages before absl::InitializeLog() is called are written to STDERR
E0000 00:00:1782191713.351441 2545509 instrument.cc:563] Metric with name 'grpc.resource_quota.calls_dropped' registered more than once. Ignoring later registration.
E0000 00:00:1782191713.351490 2545509 instrument.cc:563] Metric with name 'grpc.resource_quota.calls_rejected' registered more than once. Ignoring later registration.
E0000 00:00:1782191713.351495 2545509 instrument.cc:563] Metric with name 'grpc.resource_quota.connections_dropped' registered more than once. Ignoring later registration.
E0000 00:00:1782191713.351500 2545509 instrument.cc:563] Metric with name 'grpc.resource_quota.instantaneous_memory_pressure' registered more than once. Ignoring later registration.
E0000 00:00:1782191713.351504 2545509 instrument.cc:563] Metric with name 'grpc.resource_quota.memory_pressure_control_value' registered more than once. Ignoring later registration.
2026-06-23 14:15:15,514	INFO worker.py:2013 -- Started a local Ray instance.
/home/user/anaconda3/envs/pirl/lib/python3.13/site-packages/ray/_private/worker.py:2052: FutureWarning: Tip: In future versions of Ray, Ray will no longer override accelerator visible devices env var if num_gpus=0 or num_gpus=None (default). To enable this behavior and turn off this error message, set RAY_ACCEL_ENV_VAR_OVERRIDE_ON_ZERO=0
  warnings.warn(
[33m(raylet)[0m [2026-06-23 14:15:45,407 E 2546010 2546010] (raylet) main.cc:1047: Failed to establish connection to the metrics exporter agent. Metrics will not be exported. Exporter agent status: RpcError: Running out of retries to initialize the metrics agent. rpc_code: 14
[36m(pid=gcs_server)[0m [2026-06-23 14:15:45,408 E 2545535 2545535] (gcs_server) gcs_server.cc:961: Failed to establish connection to the event+metrics exporter agent. Events and metrics will not be exported. Exporter agent status: RpcError: Running out of retries to initialize the metrics agent. rpc_code: 14
[36m(RolloutWorker pid=2546442)[0m [2026-06-23 14:15:46,182 E 2546442 2547465] core_worker_process.cc:863: Failed to establish connection to the metrics exporter agent. Metrics will not be exported. Exporter agent status: RpcError: Running out of retries to initialize the metrics agent. rpc_code: 14
[2026-06-23 14:15:46,708 E 2545509 2546440] core_worker_process.cc:863: Failed to establish connection to the metrics exporter agent. Metrics will not be exported. Exporter agent status: RpcError: Running out of retries to initialize the metrics agent. rpc_code: 14
[36m(pid=2547155)[0m [2026-06-23 14:15:46,694 E 2547155 2553157] core_worker_process.cc:863: Failed to establish connection to the metrics exporter agent. Metrics will not be exported. Exporter agent status: RpcError: Running out of retries to initialize the metrics agent. rpc_code: 14[32m [repeated 127x across cluster] (Ray deduplicates logs by default. Set RAY_DEDUP_LOGS=0 to disable log deduplication, or see https://docs.ray.io/en/master/ray-observability/user-guides/configure-logging.html#log-deduplication for more options.)[0m
WARNING: All log messages before absl::InitializeLog() is called are written to STDERR
I0000 00:00:1782277998.596812 2545786 chttp2_transport.cc:1182] ipv4:172.26.21.50:42755: Got goaway [2] err=UNAVAILABLE:GOAWAY received; Error code: 2; Debug Text: Cancelling all calls {created_time:"2026-06-24T14:13:18.59680567+09:00", http2_error:2, grpc_status:14}
Closing ray instance
[seed=2] finished
