[seed=1] started
--------------------------------------------
Case   : drift
Method : scheduling
Seed   : 1
Device : auto
Log dir: /home/ubuntu-root/hoshino/ProbReachPIRL/ProbReachPIRL/scheduling_experiment/fixed2randT_replayHJB_5Mto10M/round_002/cont002to0025/train
Updates: 1000000
Colloc.: (1000, 100, 100)
PINN sample mode: replay
PINN replay fraction: 1.0
PINN replay jitter: 0.0
Learner GPUs: 0.16
HJB Lap.: loop
Reset scale: 1.0
Reset mode: mixture
Reset T mode: random
Reset mixture probs: 0.3,0.3,0.4
Reset T range: [0.0, 5.0]
Drift dt: 0.1
Replay memory size: 100000
Critic LR: 0.0001
Actor LR: 0.0001
Exploration noise: 0.2
Policy update freq: 10
Initial exploration num: 10000
Initial exploration: policy
Checkpoint freq: 1000000
Log freq: 5000
Schedule: center=500000, sharpness=1e-05, final=(1.0, 0.025, 0.025)
Schedule time base: local
Log tag: cont002to0025
--------------------------------------------
WARNING: All log messages before absl::InitializeLog() is called are written to STDERR
E0000 00:00:1782451437.681048 3059131 instrument.cc:563] Metric with name 'grpc.resource_quota.calls_dropped' registered more than once. Ignoring later registration.
E0000 00:00:1782451437.681077 3059131 instrument.cc:563] Metric with name 'grpc.resource_quota.calls_rejected' registered more than once. Ignoring later registration.
E0000 00:00:1782451437.681079 3059131 instrument.cc:563] Metric with name 'grpc.resource_quota.connections_dropped' registered more than once. Ignoring later registration.
E0000 00:00:1782451437.681080 3059131 instrument.cc:563] Metric with name 'grpc.resource_quota.instantaneous_memory_pressure' registered more than once. Ignoring later registration.
E0000 00:00:1782451437.681081 3059131 instrument.cc:563] Metric with name 'grpc.resource_quota.memory_pressure_control_value' registered more than once. Ignoring later registration.
2026-06-26 14:23:59,408	INFO worker.py:2013 -- Started a local Ray instance.
/home/ubuntu-root/anaconda3/envs/pirl/lib/python3.13/site-packages/ray/_private/worker.py:2052: FutureWarning: Tip: In future versions of Ray, Ray will no longer override accelerator visible devices env var if num_gpus=0 or num_gpus=None (default). To enable this behavior and turn off this error message, set RAY_ACCEL_ENV_VAR_OVERRIDE_ON_ZERO=0
  warnings.warn(
[33m(raylet)[0m [2026-06-26 14:24:28,881 E 3059386 3059386] (raylet) main.cc:1047: Failed to establish connection to the metrics exporter agent. Metrics will not be exported. Exporter agent status: RpcError: Running out of retries to initialize the metrics agent. rpc_code: 14
[36m(pid=gcs_server)[0m [2026-06-26 14:24:28,880 E 3059153 3059153] (gcs_server) gcs_server.cc:961: Failed to establish connection to the event+metrics exporter agent. Events and metrics will not be exported. Exporter agent status: RpcError: Running out of retries to initialize the metrics agent. rpc_code: 14
[36m(Learner pid=3059758)[0m [2026-06-26 14:24:29,836 E 3059758 3060276] core_worker_process.cc:863: Failed to establish connection to the metrics exporter agent. Metrics will not be exported. Exporter agent status: RpcError: Running out of retries to initialize the metrics agent. rpc_code: 14
[2026-06-26 14:24:29,869 E 3059131 3059753] core_worker_process.cc:863: Failed to establish connection to the metrics exporter agent. Metrics will not be exported. Exporter agent status: RpcError: Running out of retries to initialize the metrics agent. rpc_code: 14
