[seed=2] started
--------------------------------------------
Case   : drift
Method : scheduling
Seed   : 2
Device : auto
Log dir: logs/drift/scheduling_T01
Updates: 2000000
Colloc.: (1000, 100, 100)
Learner GPUs: 0.5
HJB Lap.: loop
Reset scale: 1.0
Reset mode: mixture
Reset T mode: random
Reset T min: 0.0
Reset mixture probs: 0.3,0.3,0.4
Drift dt: 0.1
Replay memory size: 100000
Exploration noise: 0.2
Policy update freq: 10
Initial exploration num: 10000
Initial exploration: random
Schedule: center=1000000, sharpness=5e-06, final=(1.0, 0.01, 0.01)
Schedule time base: local
Log tag: 0618_from_td3_T01_mix334_5M_randT_hjb001_bdr001_5Mto7M
--------------------------------------------
WARNING: All log messages before absl::InitializeLog() is called are written to STDERR
E0000 00:00:1781771375.342532 2166796 instrument.cc:563] Metric with name 'grpc.resource_quota.calls_dropped' registered more than once. Ignoring later registration.
E0000 00:00:1781771375.342560 2166796 instrument.cc:563] Metric with name 'grpc.resource_quota.calls_rejected' registered more than once. Ignoring later registration.
E0000 00:00:1781771375.342562 2166796 instrument.cc:563] Metric with name 'grpc.resource_quota.connections_dropped' registered more than once. Ignoring later registration.
E0000 00:00:1781771375.342564 2166796 instrument.cc:563] Metric with name 'grpc.resource_quota.instantaneous_memory_pressure' registered more than once. Ignoring later registration.
E0000 00:00:1781771375.342565 2166796 instrument.cc:563] Metric with name 'grpc.resource_quota.memory_pressure_control_value' registered more than once. Ignoring later registration.
2026-06-18 17:29:37,184	INFO worker.py:2013 -- Started a local Ray instance.
/home/ubuntu-root/anaconda3/envs/pirl/lib/python3.13/site-packages/ray/_private/worker.py:2052: FutureWarning: Tip: In future versions of Ray, Ray will no longer override accelerator visible devices env var if num_gpus=0 or num_gpus=None (default). To enable this behavior and turn off this error message, set RAY_ACCEL_ENV_VAR_OVERRIDE_ON_ZERO=0
  warnings.warn(
[33m(raylet)[0m [2026-06-18 17:30:06,656 E 2167051 2167051] (raylet) main.cc:1047: Failed to establish connection to the metrics exporter agent. Metrics will not be exported. Exporter agent status: RpcError: Running out of retries to initialize the metrics agent. rpc_code: 14
[36m(pid=gcs_server)[0m [2026-06-18 17:30:06,656 E 2166818 2166818] (gcs_server) gcs_server.cc:961: Failed to establish connection to the event+metrics exporter agent. Events and metrics will not be exported. Exporter agent status: RpcError: Running out of retries to initialize the metrics agent. rpc_code: 14
[36m(RolloutWorker pid=2167430)[0m [2026-06-18 17:30:07,612 E 2167430 2167843] core_worker_process.cc:863: Failed to establish connection to the metrics exporter agent. Metrics will not be exported. Exporter agent status: RpcError: Running out of retries to initialize the metrics agent. rpc_code: 14
[2026-06-18 17:30:07,662 E 2166796 2167417] core_worker_process.cc:863: Failed to establish connection to the metrics exporter agent. Metrics will not be exported. Exporter agent status: RpcError: Running out of retries to initialize the metrics agent. rpc_code: 14
[36m(pid=2167436)[0m [2026-06-18 17:30:07,655 E 2167436 2168357] core_worker_process.cc:863: Failed to establish connection to the metrics exporter agent. Metrics will not be exported. Exporter agent status: RpcError: Running out of retries to initialize the metrics agent. rpc_code: 14[32m [repeated 19x across cluster] (Ray deduplicates logs by default. Set RAY_DEDUP_LOGS=0 to disable log deduplication, or see https://docs.ray.io/en/master/ray-observability/user-guides/configure-logging.html#log-deduplication for more options.)[0m
WARNING: All log messages before absl::InitializeLog() is called are written to STDERR
I0000 00:00:1781841964.913346 2166929 chttp2_transport.cc:1182] ipv4:172.26.21.114:34297: Got goaway [2] err=UNAVAILABLE:GOAWAY received; Error code: 2; Debug Text: Cancelling all calls {created_time:"2026-06-19T13:06:04.9133439+09:00", http2_error:2, grpc_status:14}
Closing ray instance
[seed=2] finished
