[seed=1] started
--------------------------------------------
Case   : drift
Method : scheduling
Seed   : 1
Device : auto
Log dir: /home/ubuntu-root/hoshino/ProbReachPIRL/ProbReachPIRL/scheduling_experiment/fixed2randT_replayHJB_5Mto10M_restart/round_006/restart000025/train
Updates: 1000000
Colloc.: (1000, 100, 100)
PINN sample mode: replay
PINN replay fraction: 1.0
PINN replay jitter: 0.0
Learner GPUs: 0.16
HJB Lap.: loop
Reset scale: 1.0
Reset mode: mixture
Reset T mode: random
Reset mixture probs: 0.3,0.3,0.4
Reset T range: [0.0, 5.0]
Drift dt: 0.1
Replay memory size: 100000
Critic LR: 0.0001
Actor LR: 0.0001
Exploration noise: 0.2
Policy update freq: 10
Initial exploration num: 10000
Initial exploration: policy
Checkpoint freq: 1000000
Log freq: 5000
Schedule: center=750000, sharpness=5e-06, final=(1.0, 2.5e-05, 2.5e-05)
Schedule time base: local
Log tag: restart000025
--------------------------------------------
WARNING: All log messages before absl::InitializeLog() is called are written to STDERR
E0000 00:00:1782668539.520186 3410695 instrument.cc:563] Metric with name 'grpc.resource_quota.calls_dropped' registered more than once. Ignoring later registration.
E0000 00:00:1782668539.520218 3410695 instrument.cc:563] Metric with name 'grpc.resource_quota.calls_rejected' registered more than once. Ignoring later registration.
E0000 00:00:1782668539.520220 3410695 instrument.cc:563] Metric with name 'grpc.resource_quota.connections_dropped' registered more than once. Ignoring later registration.
E0000 00:00:1782668539.520222 3410695 instrument.cc:563] Metric with name 'grpc.resource_quota.instantaneous_memory_pressure' registered more than once. Ignoring later registration.
E0000 00:00:1782668539.520223 3410695 instrument.cc:563] Metric with name 'grpc.resource_quota.memory_pressure_control_value' registered more than once. Ignoring later registration.
2026-06-29 02:42:21,250	INFO worker.py:2013 -- Started a local Ray instance.
/home/ubuntu-root/anaconda3/envs/pirl/lib/python3.13/site-packages/ray/_private/worker.py:2052: FutureWarning: Tip: In future versions of Ray, Ray will no longer override accelerator visible devices env var if num_gpus=0 or num_gpus=None (default). To enable this behavior and turn off this error message, set RAY_ACCEL_ENV_VAR_OVERRIDE_ON_ZERO=0
  warnings.warn(
[33m(raylet)[0m [2026-06-29 02:42:50,720 E 3410949 3410949] (raylet) main.cc:1047: Failed to establish connection to the metrics exporter agent. Metrics will not be exported. Exporter agent status: RpcError: Running out of retries to initialize the metrics agent. rpc_code: 14
[36m(pid=gcs_server)[0m [2026-06-29 02:42:50,722 E 3410716 3410716] (gcs_server) gcs_server.cc:961: Failed to establish connection to the event+metrics exporter agent. Events and metrics will not be exported. Exporter agent status: RpcError: Running out of retries to initialize the metrics agent. rpc_code: 14
[36m(RolloutWorker pid=3411321)[0m [2026-06-29 02:42:51,674 E 3411321 3411757] core_worker_process.cc:863: Failed to establish connection to the metrics exporter agent. Metrics will not be exported. Exporter agent status: RpcError: Running out of retries to initialize the metrics agent. rpc_code: 14
[2026-06-29 02:42:51,720 E 3410695 3411317] core_worker_process.cc:863: Failed to establish connection to the metrics exporter agent. Metrics will not be exported. Exporter agent status: RpcError: Running out of retries to initialize the metrics agent. rpc_code: 14
[36m(pid=3411337)[0m [2026-06-29 02:42:51,713 E 3411337 3412261] core_worker_process.cc:863: Failed to establish connection to the metrics exporter agent. Metrics will not be exported. Exporter agent status: RpcError: Running out of retries to initialize the metrics agent. rpc_code: 14[32m [repeated 19x across cluster] (Ray deduplicates logs by default. Set RAY_DEDUP_LOGS=0 to disable log deduplication, or see https://docs.ray.io/en/master/ray-observability/user-guides/configure-logging.html#log-deduplication for more options.)[0m
WARNING: All log messages before absl::InitializeLog() is called are written to STDERR
I0000 00:00:1782701793.029332 3410822 chttp2_transport.cc:1182] ipv4:172.26.21.114:35661: Got goaway [2] err=UNAVAILABLE:GOAWAY received; Error code: 2; Debug Text: Cancelling all calls {grpc_status:14, http2_error:2, created_time:"2026-06-29T11:56:33.029331116+09:00"}
Closing ray instance
[seed=1] finished
