[seed=1] started
--------------------------------------------
Case   : drift
Method : scheduling
Seed   : 1
Device : auto
Log dir: /home/ubuntu-root/hoshino/ProbReachPIRL/ProbReachPIRL/scheduling_experiment/fixed2randT_replayHJB_7Mto10M_restart2/round_002/hold0015_R3/train
Updates: 1000000
Colloc.: (1000, 100, 100)
PINN sample mode: replay
PINN replay fraction: 1.0
PINN replay jitter: 0.0
Learner GPUs: 0.16
HJB Lap.: loop
Reset scale: 1.0
Reset mode: mixture
Reset T mode: random
Reset mixture probs: 0.3,0.3,0.4
Reset T range: [0.0, 5.0]
Drift dt: 0.1
Replay memory size: 100000
Critic LR: 0.0001
Actor LR: 0.0001
Exploration noise: 0.2
Policy update freq: 10
Initial exploration num: 10000
Initial exploration: policy
Checkpoint freq: 1000000
Log freq: 5000
Schedule: center=500000, sharpness=1e-05, final=(1.0, 0.0015, 0.0015)
Schedule time base: local
Log tag: hold0015_R3
--------------------------------------------
WARNING: All log messages before absl::InitializeLog() is called are written to STDERR
E0000 00:00:1782853569.809933 3665275 instrument.cc:563] Metric with name 'grpc.resource_quota.calls_dropped' registered more than once. Ignoring later registration.
E0000 00:00:1782853569.809962 3665275 instrument.cc:563] Metric with name 'grpc.resource_quota.calls_rejected' registered more than once. Ignoring later registration.
E0000 00:00:1782853569.809964 3665275 instrument.cc:563] Metric with name 'grpc.resource_quota.connections_dropped' registered more than once. Ignoring later registration.
E0000 00:00:1782853569.809966 3665275 instrument.cc:563] Metric with name 'grpc.resource_quota.instantaneous_memory_pressure' registered more than once. Ignoring later registration.
E0000 00:00:1782853569.809967 3665275 instrument.cc:563] Metric with name 'grpc.resource_quota.memory_pressure_control_value' registered more than once. Ignoring later registration.
2026-07-01 06:06:11,651	INFO worker.py:2013 -- Started a local Ray instance.
/home/ubuntu-root/anaconda3/envs/pirl/lib/python3.13/site-packages/ray/_private/worker.py:2052: FutureWarning: Tip: In future versions of Ray, Ray will no longer override accelerator visible devices env var if num_gpus=0 or num_gpus=None (default). To enable this behavior and turn off this error message, set RAY_ACCEL_ENV_VAR_OVERRIDE_ON_ZERO=0
  warnings.warn(
[33m(raylet)[0m [2026-07-01 06:06:41,172 E 3665527 3665527] (raylet) main.cc:1047: Failed to establish connection to the metrics exporter agent. Metrics will not be exported. Exporter agent status: RpcError: Running out of retries to initialize the metrics agent. rpc_code: 14
[36m(pid=gcs_server)[0m [2026-07-01 06:06:41,173 E 3665294 3665294] (gcs_server) gcs_server.cc:961: Failed to establish connection to the event+metrics exporter agent. Events and metrics will not be exported. Exporter agent status: RpcError: Running out of retries to initialize the metrics agent. rpc_code: 14
[36m(RolloutWorker pid=3665903)[0m [2026-07-01 06:06:42,087 E 3665903 3666226] core_worker_process.cc:863: Failed to establish connection to the metrics exporter agent. Metrics will not be exported. Exporter agent status: RpcError: Running out of retries to initialize the metrics agent. rpc_code: 14
[2026-07-01 06:06:42,209 E 3665275 3665893] core_worker_process.cc:863: Failed to establish connection to the metrics exporter agent. Metrics will not be exported. Exporter agent status: RpcError: Running out of retries to initialize the metrics agent. rpc_code: 14
[36m(pid=3665910)[0m [2026-07-01 06:06:42,148 E 3665910 3666631] core_worker_process.cc:863: Failed to establish connection to the metrics exporter agent. Metrics will not be exported. Exporter agent status: RpcError: Running out of retries to initialize the metrics agent. rpc_code: 14[32m [repeated 19x across cluster] (Ray deduplicates logs by default. Set RAY_DEDUP_LOGS=0 to disable log deduplication, or see https://docs.ray.io/en/master/ray-observability/user-guides/configure-logging.html#log-deduplication for more options.)[0m
WARNING: All log messages before absl::InitializeLog() is called are written to STDERR
I0000 00:00:1782890213.094160 3665400 chttp2_transport.cc:1182] ipv4:172.26.21.114:40977: Got goaway [2] err=UNAVAILABLE:GOAWAY received; Error code: 2; Debug Text: Cancelling all calls {grpc_status:14, http2_error:2, created_time:"2026-07-01T16:16:53.094156789+09:00"}
Closing ray instance
[seed=1] finished
